0 info it worked if it ends with ok
1 verbose cli [ 'C:\\Program Files\\nodejs\\node.exe',
1 verbose cli   'C:\\Program Files\\nodejs\\node_modules\\npm\\bin\\npm-cli.js',
1 verbose cli   'run',
1 verbose cli   'dev' ]
2 info using npm@3.3.12
3 info using node@v5.3.0
4 verbose run-script [ 'predev', 'dev', 'postdev' ]
5 info lifecycle toutiao@1.0.0~predev: toutiao@1.0.0
6 silly lifecycle toutiao@1.0.0~predev: no script for predev, continuing
7 info lifecycle toutiao@1.0.0~dev: toutiao@1.0.0
8 verbose lifecycle toutiao@1.0.0~dev: unsafe-perm in lifecycle true
9 verbose lifecycle toutiao@1.0.0~dev: PATH: C:\Program Files\nodejs\node_modules\npm\bin\node-gyp-bin;D:\Develop\MyStudyRepository\H5\Vue\vue-project-master\vue-toutiao\node_modules\.bin;C:\ProgramData\Oracle\Java\javapath;C:\windows\system32;C:\windows;C:\windows\System32\Wbem;C:\windows\System32\WindowsPowerShell\v1.0\;C:\Program Files (x86)\NVIDIA Corporation\PhysX\Common;C:\Program Files\TortoiseSVN\bin;D:\softwareInstall\Git\cmd;D:\Develop\WebApp\nvm;D:\Develop\WebApp\nodejs;C:\Program Files\nodejs\;D:\Develop\tools\node_modules\.bin;D:\Develop\Android\AndroidStudio\gradle\gradle-3.3\bin;D:\Develop\Android\android\sdk\platform-tools;C:\Program Files (x86)\Tencent\QQ\Bin;C:\Program Files\TortoiseGit\bin;C:\Program Files\Java\jdk1.8.0_131\bin;C:\Users\Administrator\AppData\Local\Programs\Python\Python36\Scripts\;C:\Users\Administrator\AppData\Local\Programs\Python\Python36\;C:\Users\Administrator\AppData\Local\Microsoft\WindowsApps;C:\Users\Administrator\AppData\Roaming\npm;C:\Program Files\Microsoft VS Code\bin
10 verbose lifecycle toutiao@1.0.0~dev: CWD: D:\Develop\MyStudyRepository\H5\Vue\vue-project-master\vue-toutiao
11 silly lifecycle toutiao@1.0.0~dev: Args: [ '/d /s /c',
11 silly lifecycle   'webpack-dev-server --config build/webpack.dev.conf.js' ]
12 silly lifecycle toutiao@1.0.0~dev: Returned: code: 1  signal: null
13 info lifecycle toutiao@1.0.0~dev: Failed to exec dev script
14 verbose stack Error: toutiao@1.0.0 dev: `webpack-dev-server --config build/webpack.dev.conf.js`
14 verbose stack Exit status 1
14 verbose stack     at EventEmitter.<anonymous> (C:\Program Files\nodejs\node_modules\npm\lib\utils\lifecycle.js:232:16)
14 verbose stack     at emitTwo (events.js:87:13)
14 verbose stack     at EventEmitter.emit (events.js:172:7)
14 verbose stack     at ChildProcess.<anonymous> (C:\Program Files\nodejs\node_modules\npm\lib\utils\spawn.js:24:14)
14 verbose stack     at emitTwo (events.js:87:13)
14 verbose stack     at ChildProcess.emit (events.js:172:7)
14 verbose stack     at maybeClose (internal/child_process.js:818:16)
14 verbose stack     at Process.ChildProcess._handle.onexit (internal/child_process.js:211:5)
15 verbose pkgid toutiao@1.0.0
16 verbose cwd D:\Develop\MyStudyRepository\H5\Vue\vue-project-master\vue-toutiao
17 error Windows_NT 10.0.14393
18 error argv "C:\\Program Files\\nodejs\\node.exe" "C:\\Program Files\\nodejs\\node_modules\\npm\\bin\\npm-cli.js" "run" "dev"
19 error node v5.3.0
20 error npm  v3.3.12
21 error code ELIFECYCLE
22 error toutiao@1.0.0 dev: `webpack-dev-server --config build/webpack.dev.conf.js`
22 error Exit status 1
23 error Failed at the toutiao@1.0.0 dev script 'webpack-dev-server --config build/webpack.dev.conf.js'.
23 error Make sure you have the latest version of node.js and npm installed.
23 error If you do, this is most likely a problem with the toutiao package,
23 error not with npm itself.
23 error Tell the author that this fails on your system:
23 error     webpack-dev-server --config build/webpack.dev.conf.js
23 error You can get their info via:
23 error     npm owner ls toutiao
23 error There is likely additional logging output above.
24 verbose exit [ 1, true ]
